<?xml version="1.0" encoding="UTF-8"?>
<!-- Generated by org.testng.reporters.JUnitReportReporter -->
<testsuite skipped="0" hostname="DESKTOP-U08J37N" name="com.scname.testcases.LoginTest" tests="1" failures="0" timestamp="2020-02-04T22:11:04 CET" time="0.101" errors="0">
  <testcase name="LoginAsBankManager" time="0.101" classname="com.scname.testcases.LoginTest"/>
  <system-out/>
</testsuite> <!-- com.scname.testcases.LoginTest -->
